2026-01-16 13:51:15 | INFO | P01 | =================
2026-01-16 13:51:15 | INFO | P01 | === RUN START ===
2026-01-16 13:51:15 | INFO | P01 | project=Foundations of Professional Python
2026-01-16 13:51:15 | INFO | P01 | repo_dir=databases-for-analytics
2026-01-16 13:51:15 | INFO | P01 | python=3.14.0
2026-01-16 13:51:15 | INFO | P01 | os=Windows 11
2026-01-16 13:51:15 | INFO | P01 | shell=powershell
2026-01-16 13:51:15 | INFO | P01 | cwd=.
2026-01-16 13:51:15 | INFO | P01 | github_actions=False
2026-01-16 13:51:15 | INFO | P01 | =================
2026-01-16 13:51:15 | INFO | P01 | START main()
2026-01-16 13:51:15 | INFO | P01 | Generated formatted multi-line SUMMARY string.
2026-01-16 13:51:15 | INFO | P01 | Returning the str to the calling function.
2026-01-16 13:51:15 | INFO | P01 | 
    Course Information:
        Course name: Databases for Analytics
        Course number: 661
        Course hrs/wk: 20.00
        Assumes prior experience: False
        Helpful traits: ['patience', 'curiosity', 'humor', 'tenacity']

    
2026-01-16 13:51:15 | INFO | P01 | END main()
2026-01-16 13:51:58 | INFO | P01 | Generated formatted multi-line SUMMARY string.
2026-01-16 13:51:58 | INFO | P01 | Returning the str to the calling function.
